[2025-04-24 15:20:48,502] ERROR apps.wishlists.utils API error: {'product': [ErrorDetail(string='Обязательное поле.', code='required')]}, user=anonymous, path=/wishlists/add/
[2025-04-24 15:21:00,370] ERROR apps.wishlists.utils API error: {'product': {'non_field_errors': [ErrorDetail(string='Недопустимые данные. Ожидался dictionary, но был получен int.', code='invalid')]}}, user=anonymous, path=/wishlists/add/
[2025-04-24 15:23:53,110] DEBUG apps.core.services.cache_services Cache miss for key: wishlist:8
[2025-04-24 15:23:57,333] DEBUG apps.core.services.cache_services Cache hit for key: wishlist:8
[2025-04-24 15:24:04,685] INFO apps.core.services.cache_services Invalidated cache for prefix: wishlist:8:*
[2025-04-24 15:41:38,683] INFO apps.wishlists.services.wishlist_services Session wishlist retrieved for user=anonymous, items_count=0
[2025-04-24 15:41:51,570] DEBUG apps.core.services.cache_services Cache miss for key: wishlist:8
[2025-04-24 15:41:51,573] INFO apps.wishlists.services.wishlist_services Wishlist retrieved for user=8, items_count=9
[2025-04-24 15:41:58,877] DEBUG apps.core.services.cache_services Cache hit for key: wishlist:8
[2025-04-24 15:43:21,525] DEBUG apps.core.services.cache_services Cache hit for key: wishlist:8
[2025-04-24 15:43:21,525] INFO apps.wishlists.views Wishlist retrieved from cache for user=8, path=/wishlists/
[2025-04-24 15:43:33,255] ERROR apps.wishlists.utils API error: {'product': {'non_field_errors': [ErrorDetail(string='Недопустимые данные. Ожидался dictionary, но был получен int.', code='invalid')]}}, user=8, path=/wishlists/add/
[2025-04-24 15:44:07,631] DEBUG apps.core.services.cache_services Cache hit for key: wishlist:8
[2025-04-24 15:44:07,632] INFO apps.wishlists.views Wishlist retrieved from cache for user=8, path=/wishlists/
[2025-04-24 15:47:49,549] DEBUG apps.core.services.cache_services Cache miss for key: wishlist:8
[2025-04-24 15:47:49,552] INFO apps.wishlists.services.wishlist_services Wishlist retrieved for user=8, items_count=9
[2025-04-24 15:50:10,979] DEBUG apps.core.services.cache_services Cache hit for key: wishlist:8
[2025-04-24 15:50:13,939] ERROR apps.wishlists.utils Missing key: 'product_id', user=8, path=/wishlists/add/
[2025-04-24 15:50:47,269] ERROR apps.wishlists.utils Missing key: 'product_id', user=8, path=/wishlists/add/
[2025-04-24 15:53:31,558] ERROR apps.wishlists.utils Missing key: 'product_id', user=8, path=/wishlists/add/
[2025-04-24 15:53:33,213] ERROR apps.wishlists.utils Missing key: 'product_id', user=8, path=/wishlists/add/
[2025-04-24 15:53:50,731] INFO apps.wishlists.services.wishlist_services Product 5 added to wishlist for user=8
[2025-04-24 15:53:50,738] INFO apps.core.services.cache_services Invalidated cache for prefix: wishlist:8:*
[2025-04-24 15:53:50,738] INFO apps.wishlists.views Product 5 added to wishlist via API for user=8, path=/wishlists/add/
[2025-04-24 15:53:55,911] INFO apps.wishlists.services.wishlist_services Product 5 added to wishlist for user=8
[2025-04-24 15:53:55,913] INFO apps.core.services.cache_services Invalidated cache for prefix: wishlist:8:*
[2025-04-24 15:53:55,913] INFO apps.wishlists.views Product 5 added to wishlist via API for user=8, path=/wishlists/add/
[2025-04-24 15:55:00,827] DEBUG apps.core.services.cache_services Cache miss for key: wishlist:8
[2025-04-24 15:55:00,829] INFO apps.wishlists.services.wishlist_services Wishlist retrieved for user=8, items_count=10
[2025-04-24 15:55:19,466] INFO apps.wishlists.services.wishlist_services Session wishlist retrieved for user=anonymous, items_count=0
[2025-04-24 15:55:34,139] WARNING apps.wishlists.utils Wishlist error: Элемент списка желаний не найден, user=anonymous, path=/wishlists/delete/5/
[2025-04-24 15:55:47,190] INFO apps.wishlists.services.wishlist_services Product 5 removed from wishlist for user=8
[2025-04-24 15:55:47,192] INFO apps.core.services.cache_services Invalidated cache for prefix: wishlist:8:*
[2025-04-24 15:55:47,192] INFO apps.wishlists.views Product 5 removed from wishlist via API for user=8, path=/wishlists/delete/5/
